<?xml version="1.0" encoding="UTF-8"?>
<!-- Generated by org.testng.reporters.JUnitReportReporter -->
<testsuite skipped="0" hostname="EYEPAXLT-18" name="ExecuteTest" tests="1" failures="0" timestamp="27 Jan 2020 06:23:35 GMT" time="11.954" errors="0">
  <testcase name="test001" time="11.954" classname="ExecuteTest"/>
</testsuite> <!-- ExecuteTest -->
