<?xml version="1.0" encoding="UTF-8"?>
<!-- Generated by org.testng.reporters.JUnitReportReporter -->
<testsuite skipped="0" hostname="EYEPAXLT-18" name="ExecuteTest" tests="1" failures="0" timestamp="29 Jan 2020 11:48:57 GMT" time="43.595" errors="0">
  <testcase name="test001" time="43.595" classname="ExecuteTest"/>
</testsuite> <!-- ExecuteTest -->
